{"/Users/christianml/Projects/beehive-io/src/lib/clientData.js": {"path":"/Users/christianml/Projects/beehive-io/src/lib/clientData.js","statementMap":{"0":{"start":{"line":25,"column":14},"end":{"line":28,"column":2}},"1":{"start":{"line":31,"column":17},"end":{"line":31,"column":92}},"2":{"start":{"line":31,"column":53},"end":{"line":31,"column":92}},"3":{"start":{"line":40,"column":29},"end":{"line":56,"column":1}},"4":{"start":{"line":41,"column":2},"end":{"line":55,"column":null}},"5":{"start":{"line":42,"column":19},"end":{"line":42,"column":91}},"6":{"start":{"line":43,"column":17},"end":{"line":48,"column":5}},"7":{"start":{"line":49,"column":4},"end":{"line":49,"column":null}},"8":{"start":{"line":50,"column":4},"end":{"line":50,"column":66}},"9":{"start":{"line":51,"column":4},"end":{"line":51,"column":69}},"10":{"start":{"line":53,"column":4},"end":{"line":53,"column":null}},"11":{"start":{"line":54,"column":4},"end":{"line":54,"column":null}},"12":{"start":{"line":61,"column":30},"end":{"line":82,"column":1}},"13":{"start":{"line":62,"column":14},"end":{"line":62,"column":61}},"14":{"start":{"line":63,"column":2},"end":{"line":65,"column":null}},"15":{"start":{"line":64,"column":4},"end":{"line":64,"column":null}},"16":{"start":{"line":67,"column":2},"end":{"line":81,"column":null}},"17":{"start":{"line":68,"column":20},"end":{"line":68,"column":87}},"18":{"start":{"line":69,"column":13},"end":{"line":69,"column":59}},"19":{"start":{"line":70,"column":21},"end":{"line":70,"column":37}},"20":{"start":{"line":71,"column":18},"end":{"line":75,"column":7}},"21":{"start":{"line":71,"column":44},"end":{"line":75,"column":5}},"22":{"start":{"line":76,"column":4},"end":{"line":76,"column":null}},"23":{"start":{"line":77,"column":4},"end":{"line":77,"column":null}},"24":{"start":{"line":79,"column":4},"end":{"line":79,"column":null}},"25":{"start":{"line":80,"column":4},"end":{"line":80,"column":null}},"26":{"start":{"line":87,"column":32},"end":{"line":94,"column":1}},"27":{"start":{"line":88,"column":2},"end":{"line":93,"column":null}},"28":{"start":{"line":89,"column":4},"end":{"line":89,"column":null}},"29":{"start":{"line":91,"column":4},"end":{"line":91,"column":null}},"30":{"start":{"line":92,"column":4},"end":{"line":92,"column":null}},"31":{"start":{"line":103,"column":29},"end":{"line":119,"column":1}},"32":{"start":{"line":104,"column":2},"end":{"line":118,"column":null}},"33":{"start":{"line":105,"column":19},"end":{"line":105,"column":91}},"34":{"start":{"line":106,"column":17},"end":{"line":111,"column":5}},"35":{"start":{"line":112,"column":4},"end":{"line":112,"column":null}},"36":{"start":{"line":113,"column":4},"end":{"line":113,"column":66}},"37":{"start":{"line":114,"column":4},"end":{"line":114,"column":69}},"38":{"start":{"line":116,"column":4},"end":{"line":116,"column":null}},"39":{"start":{"line":117,"column":4},"end":{"line":117,"column":null}},"40":{"start":{"line":124,"column":30},"end":{"line":145,"column":1}},"41":{"start":{"line":125,"column":14},"end":{"line":125,"column":61}},"42":{"start":{"line":126,"column":2},"end":{"line":128,"column":null}},"43":{"start":{"line":127,"column":4},"end":{"line":127,"column":null}},"44":{"start":{"line":130,"column":2},"end":{"line":144,"column":null}},"45":{"start":{"line":131,"column":20},"end":{"line":131,"column":87}},"46":{"start":{"line":132,"column":13},"end":{"line":132,"column":58}},"47":{"start":{"line":133,"column":21},"end":{"line":133,"column":37}},"48":{"start":{"line":134,"column":18},"end":{"line":138,"column":7}},"49":{"start":{"line":134,"column":44},"end":{"line":138,"column":5}},"50":{"start":{"line":139,"column":4},"end":{"line":139,"column":null}},"51":{"start":{"line":140,"column":4},"end":{"line":140,"column":null}},"52":{"start":{"line":142,"column":4},"end":{"line":142,"column":null}},"53":{"start":{"line":143,"column":4},"end":{"line":143,"column":null}},"54":{"start":{"line":150,"column":32},"end":{"line":161,"column":1}},"55":{"start":{"line":151,"column":2},"end":{"line":160,"column":null}},"56":{"start":{"line":152,"column":19},"end":{"line":152,"column":89}},"57":{"start":{"line":153,"column":4},"end":{"line":156,"column":null}},"58":{"start":{"line":158,"column":4},"end":{"line":158,"column":null}},"59":{"start":{"line":159,"column":4},"end":{"line":159,"column":null}},"60":{"start":{"line":166,"column":32},"end":{"line":173,"column":1}},"61":{"start":{"line":167,"column":2},"end":{"line":172,"column":null}},"62":{"start":{"line":168,"column":4},"end":{"line":168,"column":null}},"63":{"start":{"line":170,"column":4},"end":{"line":170,"column":null}},"64":{"start":{"line":171,"column":4},"end":{"line":171,"column":null}},"65":{"start":{"line":182,"column":35},"end":{"line":214,"column":1}},"66":{"start":{"line":183,"column":2},"end":{"line":213,"column":null}},"67":{"start":{"line":184,"column":4},"end":{"line":184,"column":null}},"68":{"start":{"line":186,"column":4},"end":{"line":188,"column":null}},"69":{"start":{"line":187,"column":6},"end":{"line":187,"column":null}},"70":{"start":{"line":189,"column":4},"end":{"line":191,"column":null}},"71":{"start":{"line":190,"column":6},"end":{"line":190,"column":null}},"72":{"start":{"line":193,"column":21},"end":{"line":193,"column":75}},"73":{"start":{"line":196,"column":4},"end":{"line":200,"column":null}},"74":{"start":{"line":202,"column":4},"end":{"line":202,"column":null}},"75":{"start":{"line":204,"column":4},"end":{"line":204,"column":null}},"76":{"start":{"line":205,"column":4},"end":{"line":211,"column":null}},"77":{"start":{"line":212,"column":4},"end":{"line":212,"column":null}},"78":{"start":{"line":219,"column":38},"end":{"line":237,"column":1}},"79":{"start":{"line":220,"column":2},"end":{"line":236,"column":null}},"80":{"start":{"line":221,"column":22},"end":{"line":221,"column":71}},"81":{"start":{"line":222,"column":21},"end":{"line":222,"column":46}},"82":{"start":{"line":224,"column":25},"end":{"line":224,"column":27}},"83":{"start":{"line":225,"column":4},"end":{"line":230,"column":null}},"84":{"start":{"line":226,"column":19},"end":{"line":226,"column":29}},"85":{"start":{"line":227,"column":6},"end":{"line":229,"column":null}},"86":{"start":{"line":228,"column":8},"end":{"line":228,"column":null}},"87":{"start":{"line":232,"column":4},"end":{"line":232,"column":null}},"88":{"start":{"line":234,"column":4},"end":{"line":234,"column":null}},"89":{"start":{"line":235,"column":4},"end":{"line":235,"column":null}},"90":{"start":{"line":247,"column":28},"end":{"line":271,"column":1}},"91":{"start":{"line":248,"column":2},"end":{"line":270,"column":null}},"92":{"start":{"line":249,"column":21},"end":{"line":249,"column":75}},"93":{"start":{"line":250,"column":20},"end":{"line":250,"column":43}},"94":{"start":{"line":252,"column":4},"end":{"line":266,"column":null}},"95":{"start":{"line":254,"column":6},"end":{"line":257,"column":null}},"96":{"start":{"line":260,"column":6},"end":{"line":265,"column":null}},"97":{"start":{"line":268,"column":4},"end":{"line":268,"column":null}},"98":{"start":{"line":269,"column":4},"end":{"line":269,"column":null}},"99":{"start":{"line":276,"column":25},"end":{"line":292,"column":1}},"100":{"start":{"line":277,"column":2},"end":{"line":291,"column":null}},"101":{"start":{"line":278,"column":21},"end":{"line":278,"column":75}},"102":{"start":{"line":279,"column":20},"end":{"line":279,"column":43}},"103":{"start":{"line":281,"column":4},"end":{"line":286,"column":null}},"104":{"start":{"line":282,"column":6},"end":{"line":285,"column":null}},"105":{"start":{"line":287,"column":4},"end":{"line":287,"column":null}},"106":{"start":{"line":289,"column":4},"end":{"line":289,"column":null}},"107":{"start":{"line":290,"column":4},"end":{"line":290,"column":null}},"108":{"start":{"line":297,"column":33},"end":{"line":310,"column":1}},"109":{"start":{"line":298,"column":2},"end":{"line":309,"column":null}},"110":{"start":{"line":299,"column":22},"end":{"line":299,"column":71}},"111":{"start":{"line":300,"column":21},"end":{"line":300,"column":46}},"112":{"start":{"line":302,"column":4},"end":{"line":305,"column":null}},"113":{"start":{"line":302,"column":37},"end":{"line":305,"column":5}},"114":{"start":{"line":307,"column":4},"end":{"line":307,"column":null}},"115":{"start":{"line":308,"column":4},"end":{"line":308,"column":null}}},"fnMap":{"0":{"name":"(anonymous_0)","decl":{"start":{"line":31,"column":17},"end":{"line":31,"column":18}},"loc":{"start":{"line":31,"column":53},"end":{"line":31,"column":92}},"line":31},"1":{"name":"(anonymous_1)","decl":{"start":{"line":40,"column":29},"end":{"line":40,"column":34}},"loc":{"start":{"line":40,"column":70},"end":{"line":56,"column":1}},"line":40},"2":{"name":"(anonymous_2)","decl":{"start":{"line":61,"column":30},"end":{"line":61,"column":35}},"loc":{"start":{"line":61,"column":61},"end":{"line":82,"column":1}},"line":61},"3":{"name":"(anonymous_3)","decl":{"start":{"line":71,"column":36},"end":{"line":71,"column":39}},"loc":{"start":{"line":71,"column":44},"end":{"line":75,"column":5}},"line":71},"4":{"name":"(anonymous_4)","decl":{"start":{"line":87,"column":32},"end":{"line":87,"column":37}},"loc":{"start":{"line":87,"column":71},"end":{"line":94,"column":1}},"line":87},"5":{"name":"(anonymous_5)","decl":{"start":{"line":103,"column":29},"end":{"line":103,"column":34}},"loc":{"start":{"line":103,"column":70},"end":{"line":119,"column":1}},"line":103},"6":{"name":"(anonymous_6)","decl":{"start":{"line":124,"column":30},"end":{"line":124,"column":35}},"loc":{"start":{"line":124,"column":61},"end":{"line":145,"column":1}},"line":124},"7":{"name":"(anonymous_7)","decl":{"start":{"line":134,"column":36},"end":{"line":134,"column":39}},"loc":{"start":{"line":134,"column":44},"end":{"line":138,"column":5}},"line":134},"8":{"name":"(anonymous_8)","decl":{"start":{"line":150,"column":32},"end":{"line":150,"column":37}},"loc":{"start":{"line":150,"column":80},"end":{"line":161,"column":1}},"line":150},"9":{"name":"(anonymous_9)","decl":{"start":{"line":166,"column":32},"end":{"line":166,"column":37}},"loc":{"start":{"line":166,"column":71},"end":{"line":173,"column":1}},"line":166},"10":{"name":"(anonymous_10)","decl":{"start":{"line":182,"column":35},"end":{"line":182,"column":40}},"loc":{"start":{"line":182,"column":79},"end":{"line":214,"column":1}},"line":182},"11":{"name":"(anonymous_11)","decl":{"start":{"line":219,"column":38},"end":{"line":219,"column":43}},"loc":{"start":{"line":219,"column":59},"end":{"line":237,"column":1}},"line":219},"12":{"name":"(anonymous_12)","decl":{"start":{"line":225,"column":26},"end":{"line":225,"column":29}},"loc":{"start":{"line":225,"column":33},"end":{"line":230,"column":5}},"line":225},"13":{"name":"(anonymous_13)","decl":{"start":{"line":247,"column":28},"end":{"line":247,"column":33}},"loc":{"start":{"line":247,"column":71},"end":{"line":271,"column":1}},"line":247},"14":{"name":"(anonymous_14)","decl":{"start":{"line":276,"column":25},"end":{"line":276,"column":30}},"loc":{"start":{"line":276,"column":56},"end":{"line":292,"column":1}},"line":276},"15":{"name":"(anonymous_15)","decl":{"start":{"line":297,"column":33},"end":{"line":297,"column":38}},"loc":{"start":{"line":297,"column":54},"end":{"line":310,"column":1}},"line":297},"16":{"name":"(anonymous_16)","decl":{"start":{"line":302,"column":29},"end":{"line":302,"column":32}},"loc":{"start":{"line":302,"column":37},"end":{"line":305,"column":5}},"line":302}},"branchMap":{"0":{"loc":{"start":{"line":63,"column":2},"end":{"line":65,"column":null}},"type":"if","locations":[{"start":{"line":63,"column":2},"end":{"line":65,"column":null}},{"start":{},"end":{}}],"line":63},"1":{"loc":{"start":{"line":74,"column":17},"end":{"line":74,"column":null}},"type":"binary-expr","locations":[{"start":{"line":74,"column":17},"end":{"line":74,"column":49}},{"start":{"line":74,"column":53},"end":{"line":74,"column":null}}],"line":74},"2":{"loc":{"start":{"line":126,"column":2},"end":{"line":128,"column":null}},"type":"if","locations":[{"start":{"line":126,"column":2},"end":{"line":128,"column":null}},{"start":{},"end":{}}],"line":126},"3":{"loc":{"start":{"line":137,"column":17},"end":{"line":137,"column":null}},"type":"binary-expr","locations":[{"start":{"line":137,"column":17},"end":{"line":137,"column":49}},{"start":{"line":137,"column":53},"end":{"line":137,"column":null}}],"line":137},"4":{"loc":{"start":{"line":186,"column":4},"end":{"line":188,"column":null}},"type":"if","locations":[{"start":{"line":186,"column":4},"end":{"line":188,"column":null}},{"start":{},"end":{}}],"line":186},"5":{"loc":{"start":{"line":189,"column":4},"end":{"line":191,"column":null}},"type":"if","locations":[{"start":{"line":189,"column":4},"end":{"line":191,"column":null}},{"start":{},"end":{}}],"line":189},"6":{"loc":{"start":{"line":227,"column":6},"end":{"line":229,"column":null}},"type":"if","locations":[{"start":{"line":227,"column":6},"end":{"line":229,"column":null}},{"start":{},"end":{}}],"line":227},"7":{"loc":{"start":{"line":252,"column":4},"end":{"line":266,"column":null}},"type":"if","locations":[{"start":{"line":252,"column":4},"end":{"line":266,"column":null}},{"start":{"line":258,"column":11},"end":{"line":266,"column":null}}],"line":252},"8":{"loc":{"start":{"line":281,"column":4},"end":{"line":286,"column":null}},"type":"if","locations":[{"start":{"line":281,"column":4},"end":{"line":286,"column":null}},{"start":{},"end":{}}],"line":281}},"s":{"0":1,"1":1,"2":4,"3":1,"4":1,"5":1,"6":1,"7":1,"8":1,"9":1,"10":0,"11":0,"12":1,"13":3,"14":3,"15":1,"16":2,"17":2,"18":2,"19":2,"20":2,"21":2,"22":2,"23":2,"24":0,"25":0,"26":1,"27":0,"28":0,"29":0,"30":0,"31":1,"32":0,"33":0,"34":0,"35":0,"36":0,"37":0,"38":0,"39":0,"40":1,"41":0,"42":0,"43":0,"44":0,"45":0,"46":0,"47":0,"48":0,"49":0,"50":0,"51":0,"52":0,"53":0,"54":1,"55":0,"56":0,"57":0,"58":0,"59":0,"60":1,"61":0,"62":0,"63":0,"64":0,"65":1,"66":0,"67":0,"68":0,"69":0,"70":0,"71":0,"72":0,"73":0,"74":0,"75":0,"76":0,"77":0,"78":1,"79":0,"80":0,"81":0,"82":0,"83":0,"84":0,"85":0,"86":0,"87":0,"88":0,"89":0,"90":1,"91":0,"92":0,"93":0,"94":0,"95":0,"96":0,"97":0,"98":0,"99":1,"100":0,"101":0,"102":0,"103":0,"104":0,"105":0,"106":0,"107":0,"108":1,"109":0,"110":0,"111":0,"112":0,"113":0,"114":0,"115":0},"f":{"0":4,"1":1,"2":3,"3":2,"4":0,"5":0,"6":0,"7":0,"8":0,"9":0,"10":0,"11":0,"12":0,"13":0,"14":0,"15":0,"16":0},"b":{"0":[1,2],"1":[2,0],"2":[0,0],"3":[0,0],"4":[0,0],"5":[0,0],"6":[0,0],"7":[0,0],"8":[0,0]},"meta":{"lastBranch":9,"lastFunction":17,"lastStatement":116,"seen":{"s:25:14:28:2":0,"s:31:17:31:92":1,"f:31:17:31:18":0,"s:31:53:31:92":2,"s:40:29:56:1":3,"f:40:29:40:34":1,"s:41:2:55:Infinity":4,"s:42:19:42:91":5,"s:43:17:48:5":6,"s:49:4:49:Infinity":7,"s:50:4:50:66":8,"s:51:4:51:69":9,"s:53:4:53:Infinity":10,"s:54:4:54:Infinity":11,"s:61:30:82:1":12,"f:61:30:61:35":2,"s:62:14:62:61":13,"b:63:2:65:Infinity:undefined:undefined:undefined:undefined":0,"s:63:2:65:Infinity":14,"s:64:4:64:Infinity":15,"s:67:2:81:Infinity":16,"s:68:20:68:87":17,"s:69:13:69:59":18,"s:70:21:70:37":19,"s:71:18:75:7":20,"f:71:36:71:39":3,"s:71:44:75:5":21,"b:74:17:74:49:74:53:74:Infinity":1,"s:76:4:76:Infinity":22,"s:77:4:77:Infinity":23,"s:79:4:79:Infinity":24,"s:80:4:80:Infinity":25,"s:87:32:94:1":26,"f:87:32:87:37":4,"s:88:2:93:Infinity":27,"s:89:4:89:Infinity":28,"s:91:4:91:Infinity":29,"s:92:4:92:Infinity":30,"s:103:29:119:1":31,"f:103:29:103:34":5,"s:104:2:118:Infinity":32,"s:105:19:105:91":33,"s:106:17:111:5":34,"s:112:4:112:Infinity":35,"s:113:4:113:66":36,"s:114:4:114:69":37,"s:116:4:116:Infinity":38,"s:117:4:117:Infinity":39,"s:124:30:145:1":40,"f:124:30:124:35":6,"s:125:14:125:61":41,"b:126:2:128:Infinity:undefined:undefined:undefined:undefined":2,"s:126:2:128:Infinity":42,"s:127:4:127:Infinity":43,"s:130:2:144:Infinity":44,"s:131:20:131:87":45,"s:132:13:132:58":46,"s:133:21:133:37":47,"s:134:18:138:7":48,"f:134:36:134:39":7,"s:134:44:138:5":49,"b:137:17:137:49:137:53:137:Infinity":3,"s:139:4:139:Infinity":50,"s:140:4:140:Infinity":51,"s:142:4:142:Infinity":52,"s:143:4:143:Infinity":53,"s:150:32:161:1":54,"f:150:32:150:37":8,"s:151:2:160:Infinity":55,"s:152:19:152:89":56,"s:153:4:156:Infinity":57,"s:158:4:158:Infinity":58,"s:159:4:159:Infinity":59,"s:166:32:173:1":60,"f:166:32:166:37":9,"s:167:2:172:Infinity":61,"s:168:4:168:Infinity":62,"s:170:4:170:Infinity":63,"s:171:4:171:Infinity":64,"s:182:35:214:1":65,"f:182:35:182:40":10,"s:183:2:213:Infinity":66,"s:184:4:184:Infinity":67,"b:186:4:188:Infinity:undefined:undefined:undefined:undefined":4,"s:186:4:188:Infinity":68,"s:187:6:187:Infinity":69,"b:189:4:191:Infinity:undefined:undefined:undefined:undefined":5,"s:189:4:191:Infinity":70,"s:190:6:190:Infinity":71,"s:193:21:193:75":72,"s:196:4:200:Infinity":73,"s:202:4:202:Infinity":74,"s:204:4:204:Infinity":75,"s:205:4:211:Infinity":76,"s:212:4:212:Infinity":77,"s:219:38:237:1":78,"f:219:38:219:43":11,"s:220:2:236:Infinity":79,"s:221:22:221:71":80,"s:222:21:222:46":81,"s:224:25:224:27":82,"s:225:4:230:Infinity":83,"f:225:26:225:29":12,"s:226:19:226:29":84,"b:227:6:229:Infinity:undefined:undefined:undefined:undefined":6,"s:227:6:229:Infinity":85,"s:228:8:228:Infinity":86,"s:232:4:232:Infinity":87,"s:234:4:234:Infinity":88,"s:235:4:235:Infinity":89,"s:247:28:271:1":90,"f:247:28:247:33":13,"s:248:2:270:Infinity":91,"s:249:21:249:75":92,"s:250:20:250:43":93,"b:252:4:266:Infinity:258:11:266:Infinity":7,"s:252:4:266:Infinity":94,"s:254:6:257:Infinity":95,"s:260:6:265:Infinity":96,"s:268:4:268:Infinity":97,"s:269:4:269:Infinity":98,"s:276:25:292:1":99,"f:276:25:276:30":14,"s:277:2:291:Infinity":100,"s:278:21:278:75":101,"s:279:20:279:43":102,"b:281:4:286:Infinity:undefined:undefined:undefined:undefined":8,"s:281:4:286:Infinity":103,"s:282:6:285:Infinity":104,"s:287:4:287:Infinity":105,"s:289:4:289:Infinity":106,"s:290:4:290:Infinity":107,"s:297:33:310:1":108,"f:297:33:297:38":15,"s:298:2:309:Infinity":109,"s:299:22:299:71":110,"s:300:21:300:46":111,"s:302:4:305:Infinity":112,"f:302:29:302:32":16,"s:302:37:305:5":113,"s:307:4:307:Infinity":114,"s:308:4:308:Infinity":115}}}
,"/Users/christianml/Projects/beehive-io/src/lib/firebase.js": {"path":"/Users/christianml/Projects/beehive-io/src/lib/firebase.js","statementMap":{"0":{"start":{"line":14,"column":23},"end":{"line":22,"column":null}},"1":{"start":{"line":25,"column":6},"end":{"line":25,"column":null}},"2":{"start":{"line":28,"column":13},"end":{"line":28,"column":null}},"3":{"start":{"line":31,"column":13},"end":{"line":31,"column":null}},"4":{"start":{"line":34,"column":13},"end":{"line":34,"column":null}},"5":{"start":{"line":37,"column":25},"end":{"line":37,"column":null}},"6":{"start":{"line":40,"column":0},"end":{"line":50,"column":null}},"7":{"start":{"line":42,"column":2},"end":{"line":49,"column":null}},"8":{"start":{"line":48,"column":4},"end":{"line":48,"column":null}}},"fnMap":{},"branchMap":{"0":{"loc":{"start":{"line":37,"column":25},"end":{"line":37,"column":null}},"type":"cond-expr","locations":[{"start":{"line":37,"column":43},"end":{"line":37,"column":77}},{"start":{"line":37,"column":77},"end":{"line":37,"column":null}}],"line":37},"1":{"loc":{"start":{"line":40,"column":0},"end":{"line":50,"column":null}},"type":"if","locations":[{"start":{"line":40,"column":0},"end":{"line":50,"column":null}},{"start":{},"end":{}}],"line":40},"2":{"loc":{"start":{"line":40,"column":4},"end":{"line":40,"column":77}},"type":"binary-expr","locations":[{"start":{"line":40,"column":4},"end":{"line":40,"column":46}},{"start":{"line":40,"column":46},"end":{"line":40,"column":77}}],"line":40}},"s":{"0":1,"1":1,"2":1,"3":1,"4":1,"5":1,"6":1,"7":0,"8":0},"f":{},"b":{"0":[0,1],"1":[0,1],"2":[1,0]},"meta":{"lastBranch":3,"lastFunction":0,"lastStatement":9,"seen":{"s:14:23:22:Infinity":0,"s:25:6:25:Infinity":1,"s:28:13:28:Infinity":2,"s:31:13:31:Infinity":3,"s:34:13:34:Infinity":4,"s:37:25:37:Infinity":5,"b:37:43:37:77:37:77:37:Infinity":0,"b:40:0:50:Infinity:undefined:undefined:undefined:undefined":1,"s:40:0:50:Infinity":6,"b:40:4:40:46:40:46:40:77":2,"s:42:2:49:Infinity":7,"s:48:4:48:Infinity":8}}}
}
